INFO 2026-01-18 11:25:32,028 [ReqID: fd988a27-c7fc-41b3-9131-3c645cfccca9] orders.services ORDER_PLACEMENT: User 2 placing order for 1 items
INFO 2026-01-18 11:25:32,035 [ReqID: fd988a27-c7fc-41b3-9131-3c645cfccca9] orders.services ORDER_SUCCESS: Order 4f82ef08-2351-4302-a415-74a7d1cfc82c created successfully
INFO 2026-01-18 11:40:15,370 [ReqID: N/A] orders.services ORDER_PLACEMENT: User 1 placing order for 1 items
INFO 2026-01-18 11:40:15,378 [ReqID: N/A] orders.services ORDER_SUCCESS: Order 0539749e-3ea2-43b5-aa6b-4e459de08f6a created successfully
INFO 2026-01-18 11:40:15,633 [ReqID: N/A] orders.services ORDER_PLACEMENT: User 2 placing order for 1 items
INFO 2026-01-18 12:03:59,131 [ReqID: 84f8cb02-42c6-46a2-a4a3-f8c73b6e2c48] orders.services ORDER_PLACEMENT: User 2 placing order for 1 items
INFO 2026-01-18 12:08:01,043 [ReqID: 3970ffaf-d1d1-4ebe-a5c2-794aaec2626f] orders.services ORDER_PLACEMENT: User 2 placing order for 1 items
INFO 2026-01-18 12:16:38,437 [ReqID: 66b7a42b-9be6-4be3-94d2-22950fe0bf37] orders.services ORDER_PLACEMENT: User 2 placing order for 1 items
INFO 2026-01-18 12:25:15,858 [ReqID: 0ed63324-40d6-4126-a539-88876e2af94a] orders.services ORDER_PLACEMENT: User 1 placing order for 1 items
INFO 2026-01-18 12:25:15,860 [ReqID: 0ed63324-40d6-4126-a539-88876e2af94a] orders.services ORDER_SUCCESS: Order 95394df9-bcc4-4e9c-9120-f76ca46db6f1 created successfully
INFO 2026-01-18 12:25:16,114 [ReqID: d8a36ca8-ff40-47cf-bab9-125aca4873b0] orders.services ORDER_PLACEMENT: User 2 placing order for 1 items
INFO 2026-01-18 13:02:14,413 [ReqID: 6787209e-7f9a-4cf5-93f5-58bca46265ea] orders.services ORDER_PLACEMENT: User 1 placing order for 1 items
INFO 2026-01-18 13:02:14,415 [ReqID: 6787209e-7f9a-4cf5-93f5-58bca46265ea] orders.services ORDER_SUCCESS: Order c6915e4a-3629-40b6-b6ab-926ff2a78825 created successfully
INFO 2026-01-19 10:30:56,401 [ReqID: 65b5b088-1886-4f56-ae23-1930201dbfda] orders.services ORDER_PLACEMENT: User 1 placing order for 1 items
INFO 2026-01-19 10:30:56,405 [ReqID: 65b5b088-1886-4f56-ae23-1930201dbfda] orders.services ORDER_SUCCESS: Order 5a3ed632-5089-4ef4-aa47-dd9b12615c5c created successfully
INFO 2026-01-19 12:17:48,920 [ReqID: 064ebfb5-44a2-4666-9df3-a5f56f3659d5] orders.services ORDER_PLACEMENT: User 2 placing order for 1 items
INFO 2026-01-19 12:17:48,921 [ReqID: 064ebfb5-44a2-4666-9df3-a5f56f3659d5] orders.services ORDER_SUCCESS: Order 4e4a4cd6-aeb4-48ab-8ef6-09b6d7e70886 created successfully
INFO 2026-01-19 12:17:49,775 [ReqID: 869c8904-e85b-472e-9b20-b6b0197c90c8] orders.services ORDER_PLACEMENT: User 6 placing order for 1 items
INFO 2026-01-19 12:17:49,775 [ReqID: 869c8904-e85b-472e-9b20-b6b0197c90c8] orders.services ORDER_SUCCESS: Order 84410a89-f6da-4eec-adfd-484cf3b86ee1 created successfully
INFO 2026-01-19 12:21:05,881 [ReqID: 0a4c0b6a-6ec6-4179-8db2-4079837bbac8] orders.services ORDER_PLACEMENT: User 2 placing order for 1 items
INFO 2026-01-19 12:21:05,883 [ReqID: 0a4c0b6a-6ec6-4179-8db2-4079837bbac8] orders.services ORDER_SUCCESS: Order 7cb131ec-3423-4430-96cb-5daaec3e37e3 created successfully
INFO 2026-01-19 12:21:06,803 [ReqID: 40ea656c-4f53-400c-a450-68196e3cb158] orders.services ORDER_PLACEMENT: User 6 placing order for 1 items
INFO 2026-01-19 12:21:06,804 [ReqID: 40ea656c-4f53-400c-a450-68196e3cb158] orders.services ORDER_SUCCESS: Order 7068de15-c6fa-4c03-a7c0-421031316c1b created successfully
INFO 2026-01-19 14:22:36,147 [ReqID: 85497b7b-d19d-4af6-90f7-788fab811248] orders.services ORDER_PLACEMENT: User 2 placing order for 1 items
INFO 2026-01-19 14:22:36,150 [ReqID: 85497b7b-d19d-4af6-90f7-788fab811248] orders.services ORDER_SUCCESS: Order fb85365d-45a4-4296-afa8-82e899bb155e created successfully
INFO 2026-01-19 14:22:36,790 [ReqID: b90a6bfc-fe95-4111-97b9-bb47f081351c] orders.services ORDER_PLACEMENT: User 6 placing order for 1 items
INFO 2026-01-19 14:22:36,791 [ReqID: b90a6bfc-fe95-4111-97b9-bb47f081351c] orders.services ORDER_SUCCESS: Order 4c108bd5-69e7-427a-b96c-4d397456e6b2 created successfully
INFO 2026-01-19 14:26:33,381 [ReqID: 5f1e9e5c-dc8d-48e9-ac2a-898de0fcd01c] orders.services ORDER_PLACEMENT: User 1 placing order for 1 items
INFO 2026-01-19 14:26:33,406 [ReqID: 5f1e9e5c-dc8d-48e9-ac2a-898de0fcd01c] orders.services ORDER_SUCCESS: Order 2cb6de88-6d55-4462-a5ba-92aea641ec34 created successfully
INFO 2026-01-19 14:53:04,705 [ReqID: f6b57dcb-c2f6-4caa-a4c7-e8ac500e45f1] orders.services ORDER_PLACEMENT: User 2 placing order for 1 items
INFO 2026-01-19 14:53:04,729 [ReqID: f6b57dcb-c2f6-4caa-a4c7-e8ac500e45f1] orders.services ORDER_SUCCESS: Order 1ae16340-d955-44b1-b8e1-84578868ff30 created successfully
INFO 2026-01-19 16:37:19,663 [ReqID: ad59cc70-4a69-49a4-86d8-8974cb93e1e2] orders.services ORDER_PLACEMENT: User 3 placing order for 1 items
INFO 2026-01-19 16:37:19,667 [ReqID: ad59cc70-4a69-49a4-86d8-8974cb93e1e2] orders.services ORDER_SUCCESS: Order f1cec1cd-9b3e-404b-80ad-47f8f1b8a9eb created successfully
INFO 2026-01-20 11:32:54,240 [ReqID: 94756d61-87bc-4290-b016-77d4d20c670a] orders.services ORDER_PLACEMENT: User 3 placing order for 1 items
INFO 2026-01-20 11:32:54,246 [ReqID: 94756d61-87bc-4290-b016-77d4d20c670a] orders.services ORDER_SUCCESS: Order 4e68c8a7-8530-4521-89b3-024d51b319fc created successfully
INFO 2026-01-20 12:16:06,246 [ReqID: b3098336-6533-45d0-8cad-f1a37ba36d8e] orders.services ORDER_PLACEMENT: User 3 placing order for 1 items
INFO 2026-01-20 12:16:06,250 [ReqID: b3098336-6533-45d0-8cad-f1a37ba36d8e] orders.services ORDER_SUCCESS: Order d29f574f-02f6-4537-bdff-c59f8cf7f317 created successfully
INFO 2026-01-20 12:16:21,939 [ReqID: 6ea6e56a-20be-4593-a34c-2f21cf10f21c] orders.services ORDER_PLACEMENT: User 3 placing order for 1 items
INFO 2026-01-20 12:16:21,949 [ReqID: 6ea6e56a-20be-4593-a34c-2f21cf10f21c] orders.services ORDER_SUCCESS: Order aeff1ea3-2046-4faf-9a60-32123508d0a3 created successfully
