INFO 2026-01-18 11:25:32,036 [ReqID: fd988a27-c7fc-41b3-9131-3c645cfccca9] payments.services PAYMENT_INIT: Calling UroPay for Order 4f82ef08-2351-4302-a415-74a7d1cfc82c
INFO 2026-01-18 11:25:32,685 [ReqID: fd988a27-c7fc-41b3-9131-3c645cfccca9] payments.services PAYMENT_GATEWAY_RESPONSE: Received URL for Transaction 4f82ef08-2351-4302-a415-74a7d1cfc82c
INFO 2026-01-18 11:40:15,855 [ReqID: N/A] payments.services PAYMENT_INIT: Calling UroPay for Order dcc4dfba-c3ea-4fbb-aef5-db5d7a0b00cd
INFO 2026-01-18 11:40:15,856 [ReqID: N/A] payments.services PAYMENT_GATEWAY_RESPONSE: Received URL for Transaction dcc4dfba-c3ea-4fbb-aef5-db5d7a0b00cd
INFO 2026-01-18 12:25:15,860 [ReqID: 0ed63324-40d6-4126-a539-88876e2af94a] payments.services PAYMENT_INIT: Calling UroPay for Order 95394df9-bcc4-4e9c-9120-f76ca46db6f1
INFO 2026-01-18 12:25:15,860 [ReqID: 0ed63324-40d6-4126-a539-88876e2af94a] payments.services PAYMENT_GATEWAY_RESPONSE: Received URL for Transaction 95394df9-bcc4-4e9c-9120-f76ca46db6f1
INFO 2026-01-18 13:02:14,415 [ReqID: 6787209e-7f9a-4cf5-93f5-58bca46265ea] payments.services PAYMENT_INIT: Calling UroPay for Order c6915e4a-3629-40b6-b6ab-926ff2a78825
INFO 2026-01-18 13:02:14,415 [ReqID: 6787209e-7f9a-4cf5-93f5-58bca46265ea] payments.services PAYMENT_GATEWAY_RESPONSE: Received URL for Transaction c6915e4a-3629-40b6-b6ab-926ff2a78825
INFO 2026-01-19 10:30:56,405 [ReqID: 65b5b088-1886-4f56-ae23-1930201dbfda] payments.services PAYMENT_INIT: Calling UroPay for Order 5a3ed632-5089-4ef4-aa47-dd9b12615c5c
INFO 2026-01-19 10:30:57,657 [ReqID: 65b5b088-1886-4f56-ae23-1930201dbfda] payments.services PAYMENT_GATEWAY_RESPONSE: Received URL for Transaction 5a3ed632-5089-4ef4-aa47-dd9b12615c5c
INFO 2026-01-19 12:17:48,921 [ReqID: 064ebfb5-44a2-4666-9df3-a5f56f3659d5] payments.services PAYMENT_INIT: Calling UroPay for Order 4e4a4cd6-aeb4-48ab-8ef6-09b6d7e70886
INFO 2026-01-19 12:17:48,921 [ReqID: 064ebfb5-44a2-4666-9df3-a5f56f3659d5] payments.services PAYMENT_GATEWAY_RESPONSE: Received URL for Transaction 4e4a4cd6-aeb4-48ab-8ef6-09b6d7e70886
INFO 2026-01-19 12:17:49,776 [ReqID: 869c8904-e85b-472e-9b20-b6b0197c90c8] payments.services PAYMENT_INIT: Calling UroPay for Order 84410a89-f6da-4eec-adfd-484cf3b86ee1
INFO 2026-01-19 12:17:49,776 [ReqID: 869c8904-e85b-472e-9b20-b6b0197c90c8] payments.services PAYMENT_GATEWAY_RESPONSE: Received URL for Transaction 84410a89-f6da-4eec-adfd-484cf3b86ee1
INFO 2026-01-19 12:21:05,883 [ReqID: 0a4c0b6a-6ec6-4179-8db2-4079837bbac8] payments.services PAYMENT_INIT: Calling UroPay for Order 7cb131ec-3423-4430-96cb-5daaec3e37e3
INFO 2026-01-19 12:21:05,884 [ReqID: 0a4c0b6a-6ec6-4179-8db2-4079837bbac8] payments.services PAYMENT_GATEWAY_RESPONSE: Received URL for Transaction 7cb131ec-3423-4430-96cb-5daaec3e37e3
INFO 2026-01-19 12:21:06,804 [ReqID: 40ea656c-4f53-400c-a450-68196e3cb158] payments.services PAYMENT_INIT: Calling UroPay for Order 7068de15-c6fa-4c03-a7c0-421031316c1b
INFO 2026-01-19 12:21:06,804 [ReqID: 40ea656c-4f53-400c-a450-68196e3cb158] payments.services PAYMENT_GATEWAY_RESPONSE: Received URL for Transaction 7068de15-c6fa-4c03-a7c0-421031316c1b
INFO 2026-01-19 14:22:36,150 [ReqID: 85497b7b-d19d-4af6-90f7-788fab811248] payments.services PAYMENT_INIT: Calling UroPay for Order fb85365d-45a4-4296-afa8-82e899bb155e
INFO 2026-01-19 14:22:36,150 [ReqID: 85497b7b-d19d-4af6-90f7-788fab811248] payments.services PAYMENT_GATEWAY_RESPONSE: Received URL for Transaction fb85365d-45a4-4296-afa8-82e899bb155e
INFO 2026-01-19 14:22:36,791 [ReqID: b90a6bfc-fe95-4111-97b9-bb47f081351c] payments.services PAYMENT_INIT: Calling UroPay for Order 4c108bd5-69e7-427a-b96c-4d397456e6b2
INFO 2026-01-19 14:22:36,791 [ReqID: b90a6bfc-fe95-4111-97b9-bb47f081351c] payments.services PAYMENT_GATEWAY_RESPONSE: Received URL for Transaction 4c108bd5-69e7-427a-b96c-4d397456e6b2
INFO 2026-01-19 14:26:33,406 [ReqID: 5f1e9e5c-dc8d-48e9-ac2a-898de0fcd01c] payments.services PAYMENT_INIT: Calling UroPay for Order 2cb6de88-6d55-4462-a5ba-92aea641ec34
INFO 2026-01-19 14:26:33,862 [ReqID: 5f1e9e5c-dc8d-48e9-ac2a-898de0fcd01c] payments.services PAYMENT_GATEWAY_RESPONSE: Received URL for Transaction 2cb6de88-6d55-4462-a5ba-92aea641ec34
INFO 2026-01-19 14:53:04,729 [ReqID: f6b57dcb-c2f6-4caa-a4c7-e8ac500e45f1] payments.services PAYMENT_INIT: Calling UroPay for Order 1ae16340-d955-44b1-b8e1-84578868ff30
INFO 2026-01-19 14:53:05,255 [ReqID: f6b57dcb-c2f6-4caa-a4c7-e8ac500e45f1] payments.services PAYMENT_GATEWAY_RESPONSE: Received URL for Transaction 1ae16340-d955-44b1-b8e1-84578868ff30
INFO 2026-01-19 16:37:19,667 [ReqID: ad59cc70-4a69-49a4-86d8-8974cb93e1e2] payments.services PAYMENT_INIT: Calling UroPay for Order f1cec1cd-9b3e-404b-80ad-47f8f1b8a9eb
INFO 2026-01-19 16:37:20,749 [ReqID: ad59cc70-4a69-49a4-86d8-8974cb93e1e2] payments.services PAYMENT_GATEWAY_RESPONSE: Received URL for Transaction f1cec1cd-9b3e-404b-80ad-47f8f1b8a9eb
